#! /usr/bin/vvp
:ivl_version "11.0 (stable)";
:ivl_delay_selection "TYPICAL";
:vpi_time_precision + 0;
:vpi_module "/usr/lib/x86_64-linux-gnu/ivl/system.vpi";
:vpi_module "/usr/lib/x86_64-linux-gnu/ivl/vhdl_sys.vpi";
:vpi_module "/usr/lib/x86_64-linux-gnu/ivl/vhdl_textio.vpi";
:vpi_module "/usr/lib/x86_64-linux-gnu/ivl/v2005_math.vpi";
:vpi_module "/usr/lib/x86_64-linux-gnu/ivl/va_math.vpi";
S_0x5f89eb847df0 .scope module, "mux" "mux" 2 1;
 .timescale 0 0;
    .port_info 0 /OUTPUT 1 "o_mux_data";
    .port_info 1 /INPUT 2 "i_sw";
    .port_info 2 /INPUT 4 "i_r";
o0x74f62a28c018 .functor BUFZ 4, C4<zzzz>; HiZ drive
v0x5f89eb849350_0 .net "i_r", 3 0, o0x74f62a28c018;  0 drivers
o0x74f62a28c048 .functor BUFZ 2, C4<zz>; HiZ drive
v0x5f89eb8497b0_0 .net "i_sw", 1 0, o0x74f62a28c048;  0 drivers
o0x74f62a28c078 .functor BUFZ 1, C4<z>; HiZ drive
v0x5f89eb849ba0_0 .net "o_mux_data", 0 0, o0x74f62a28c078;  0 drivers
# The file index is used to find the file name in the following table.
:file_names 3;
    "N/A";
    "<interactive>";
    "mux.v";
